<?xml version="1.0" encoding="UTF-8"?>
<!-- Generated by org.testng.reporters.JUnitXMLReporter -->
<testsuite ignored="0" hostname="DESKTOP-C6QDQK9" failures="3" tests="3" name="seleniumWebdriverFramework" time="8.821" errors="0" timestamp="2023-09-24T23:28:10 CDT">
  <testcase classname="com.testcases.TestCasesTestNG" name="testCaseLogin" time="5.849">
    <failure type="java.lang.VerifyError" message="Expecting a stackmap frame at branch target 57
Exception Details:
  Location:
    com/library/BrowserFunctions.launchApplication()V @9: invokestatic
  Reason:
    Expected stackmap frame at this location.
  Bytecode:
    0000000: b200 4e2a 2ab8 0054 4cb8 005a 2bb6 005e
    0000010: 2ab4 0011 b900 1501 00b9 001b 0100 b900
    0000020: 2101 002a b400 112a b400 0bb9 0026 0200
    0000030: 1400 2ab8 002c a700 0d4d b800 5a2c b600
    0000040: 622c bfb8 005a b600 65b1               
  Exception Handler Table:
    bci [9, 57] =&amp;gt; handler: 57
">
      <![CDATA[java.lang.VerifyError: Expecting a stackmap frame at branch target 57
Exception Details:
  Location:
    com/library/BrowserFunctions.launchApplication()V @9: invokestatic
  Reason:
    Expected stackmap frame at this location.
  Bytecode:
    0000000: b200 4e2a 2ab8 0054 4cb8 005a 2bb6 005e
    0000010: 2ab4 0011 b900 1501 00b9 001b 0100 b900
    0000020: 2101 002a b400 112a b400 0bb9 0026 0200
    0000030: 1400 2ab8 002c a700 0d4d b800 5a2c b600
    0000040: 622c bfb8 005a b600 65b1               
  Exception Handler Table:
    bci [9, 57] => handler: 57

at com.testcases.TestCasesTestNG.testCaseLogin(TestCasesTestNG.java:18)
at java.base/java.util.ArrayList.forEach(ArrayList.java:1511)
at com.intellij.rt.testng.IDEARemoteTestNG.run(IDEARemoteTestNG.java:66)
at com.intellij.rt.testng.RemoteTestNGStarter.main(RemoteTestNGStarter.java:105)
... Removed 22 stack frames]]>
    </failure>
  </testcase> <!-- testCaseLogin -->
  <testcase classname="com.testcases.TestCasesTestNG" name="testCaseLoginReset" time="1.224">
    <failure type="java.lang.VerifyError" message="Expecting a stackmap frame at branch target 57
Exception Details:
  Location:
    com/library/BrowserFunctions.launchApplication()V @9: invokestatic
  Reason:
    Expected stackmap frame at this location.
  Bytecode:
    0000000: b200 4e2a 2ab8 0054 4cb8 005a 2bb6 005e
    0000010: 2ab4 0011 b900 1501 00b9 001b 0100 b900
    0000020: 2101 002a b400 112a b400 0bb9 0026 0200
    0000030: 1400 2ab8 002c a700 0d4d b800 5a2c b600
    0000040: 622c bfb8 005a b600 65b1               
  Exception Handler Table:
    bci [9, 57] =&amp;gt; handler: 57
">
      <![CDATA[java.lang.VerifyError: Expecting a stackmap frame at branch target 57
Exception Details:
  Location:
    com/library/BrowserFunctions.launchApplication()V @9: invokestatic
  Reason:
    Expected stackmap frame at this location.
  Bytecode:
    0000000: b200 4e2a 2ab8 0054 4cb8 005a 2bb6 005e
    0000010: 2ab4 0011 b900 1501 00b9 001b 0100 b900
    0000020: 2101 002a b400 112a b400 0bb9 0026 0200
    0000030: 1400 2ab8 002c a700 0d4d b800 5a2c b600
    0000040: 622c bfb8 005a b600 65b1               
  Exception Handler Table:
    bci [9, 57] => handler: 57

at com.testcases.TestCasesTestNG.testCaseLoginReset(TestCasesTestNG.java:34)
at java.base/java.util.ArrayList.forEach(ArrayList.java:1511)
at com.intellij.rt.testng.IDEARemoteTestNG.run(IDEARemoteTestNG.java:66)
at com.intellij.rt.testng.RemoteTestNGStarter.main(RemoteTestNGStarter.java:105)
... Removed 22 stack frames]]>
    </failure>
  </testcase> <!-- testCaseLoginReset -->
  <testcase classname="com.testcases.TestCasesTestNG" name="testCaseWelcome" time="1.44">
    <failure type="java.lang.VerifyError" message="Expecting a stackmap frame at branch target 57
Exception Details:
  Location:
    com/library/BrowserFunctions.launchApplication()V @9: invokestatic
  Reason:
    Expected stackmap frame at this location.
  Bytecode:
    0000000: b200 4e2a 2ab8 0054 4cb8 005a 2bb6 005e
    0000010: 2ab4 0011 b900 1501 00b9 001b 0100 b900
    0000020: 2101 002a b400 112a b400 0bb9 0026 0200
    0000030: 1400 2ab8 002c a700 0d4d b800 5a2c b600
    0000040: 622c bfb8 005a b600 65b1               
  Exception Handler Table:
    bci [9, 57] =&amp;gt; handler: 57
">
      <![CDATA[java.lang.VerifyError: Expecting a stackmap frame at branch target 57
Exception Details:
  Location:
    com/library/BrowserFunctions.launchApplication()V @9: invokestatic
  Reason:
    Expected stackmap frame at this location.
  Bytecode:
    0000000: b200 4e2a 2ab8 0054 4cb8 005a 2bb6 005e
    0000010: 2ab4 0011 b900 1501 00b9 001b 0100 b900
    0000020: 2101 002a b400 112a b400 0bb9 0026 0200
    0000030: 1400 2ab8 002c a700 0d4d b800 5a2c b600
    0000040: 622c bfb8 005a b600 65b1               
  Exception Handler Table:
    bci [9, 57] => handler: 57

at com.testcases.TestCasesTestNG.testCaseWelcome(TestCasesTestNG.java:47)
at java.base/java.util.ArrayList.forEach(ArrayList.java:1511)
at com.intellij.rt.testng.IDEARemoteTestNG.run(IDEARemoteTestNG.java:66)
at com.intellij.rt.testng.RemoteTestNGStarter.main(RemoteTestNGStarter.java:105)
... Removed 22 stack frames]]>
    </failure>
  </testcase> <!-- testCaseWelcome -->
</testsuite> <!-- seleniumWebdriverFramework -->
